0 8 89
0 13 87
0 18 85
0 23 83
0 28 81
0 33 79
0 38 77
1 5 90
1 10 88
1 15 86
1 20 84
1 25 82
1 30 80
1 35 78
1 40 76
2 7 89
2 12 87
2 17 85
2 22 83
2 27 81
2 32 79
2 37 77
3 4 90
3 9 88
3 14 86
3 19 84
3 24 82
3 29 80
3 34 78
3 39 76
4 6 89
4 11 87
4 16 85
4 21 83
4 26 81
4 31 79
4 36 77
5 3 90
5 8 88
5 13 86
5 18 84
5 23 82
5 28 80
5 33 78
5 38 76
6 5 89
6 10 87
6 15 85
6 20 83
6 25 81
6 30 79
6 35 77
6 40 75
7 2 90
7 7 88
7 12 86
7 17 84
7 22 82
7 27 80
7 32 78
7 37 76
8 4 89
8 9 87
8 14 85
8 19 83
8 24 81
8 29 79
8 34 77
8 39 75
9 1 90
9 6 88
9 11 86
9 16 84
9 21 82
9 26 80
9 31 78
9 36 76
10 3 89
10 8 87
10 13 85
10 18 83
10 23 81
10 28 79
10 33 77
10 38 75
11 0 90
11 5 88
11 10 86
11 15 84
11 20 82
11 25 80
11 30 78
11 35 76
11 40 74
12 2 89
12 7 87
12 12 85
12 17 83
12 22 81
12 27 79
12 32 77
12 37 75
13 4 88
13 9 86
13 14 84
13 19 82
13 24 80
13 29 78
13 34 76
13 39 74
14 1 89
14 6 87
14 11 85
14 16 83
14 21 81
14 26 79
14 31 77
14 36 75
15 3 88
15 8 86
15 13 84
15 18 82
15 23 80
15 28 78
15 33 76
15 38 74
16 0 89
16 5 87
16 10 85
16 15 83
16 20 81
16 25 79
16 30 77
16 35 75
16 40 73
17 2 88
17 7 86
17 12 84
17 17 82
17 22 80
17 27 78
17 32 76
17 37 74
18 4 87
18 9 85
18 14 83
18 19 81
18 24 79
18 29 77
18 34 75
18 39 73
19 1 88
19 6 86
19 11 84
19 16 82
19 21 80
19 26 78
19 31 76
19 36 74
20 3 87
20 8 85
20 13 83
20 18 81
20 23 79
20 28 77
20 33 75
20 38 73
21 0 88
21 5 86
21 10 84
21 15 82
21 20 80
21 25 78
21 30 76
21 35 74
21 40 72
22 2 87
22 7 85
22 12 83
22 17 81
22 22 79
22 27 77
22 32 75
22 37 73
23 4 86
23 9 84
23 14 82
23 19 80
23 24 78
23 29 76
23 34 74
23 39 72
24 1 87
24 6 85
24 11 83
24 16 81
24 21 79
24 26 77
24 31 75
24 36 73
25 3 86
25 8 84
25 13 82
25 18 80
25 23 78
25 28 76
25 33 74
25 38 72
26 0 87
26 5 85
26 10 83
26 15 81
26 20 79
26 25 77
26 30 75
26 35 73
26 40 71
27 2 86
27 7 84
27 12 82
27 17 80
27 22 78
27 27 76
27 32 74
27 37 72
28 4 85
28 9 83
28 14 81
28 19 79
28 24 77
28 29 75
28 34 73
28 39 71
