2 3 4
2 4 5
2 5 6
2 6 7
2 7 8
2 8 9
2 9 10
2 10 11
2 11 12
2 12 13
3 4 5
3 4 6
3 5 6
3 5 7
3 6 7
3 6 8
3 7 8
3 7 9
3 8 9
3 8 10
3 9 10
3 9 11
3 10 11
3 10 12
3 11 12
3 11 13
3 12 13
4 5 6
4 5 7
4 5 8
4 6 7
4 6 8
4 6 9
4 7 8
4 7 9
4 7 10
4 8 9
4 8 10
4 8 11
4 9 10
4 9 11
4 9 12
4 10 11
4 10 12
4 10 13
4 11 12
4 11 13
4 12 13
5 6 7
5 6 8
5 6 9
5 6 10
5 7 8
5 7 9
5 7 10
5 7 11
5 8 9
5 8 10
5 8 11
5 8 12
5 9 10
5 9 11
5 9 12
5 9 13
5 10 11
5 10 12
5 10 13
5 11 12
5 11 13
5 12 13
6 7 8
6 7 9
6 7 10
6 7 11
6 7 12
6 8 9
6 8 10
6 8 11
6 8 12
6 8 13
6 9 10
6 9 11
6 9 12
6 9 13
6 10 11
6 10 12
6 10 13
6 11 12
6 11 13
6 12 13
7 8 9
7 8 10
7 8 11
7 8 12
7 8 13
7 9 10
7 9 11
7 9 12
7 9 13
7 10 11
7 10 12
7 10 13
7 11 12
7 11 13
7 12 13
8 9 10
8 9 11
8 9 12
8 9 13
8 10 11
8 10 12
8 10 13
8 11 12
8 11 13
8 12 13
9 10 11
9 10 12
9 10 13
9 11 12
9 11 13
9 12 13
10 11 12
10 11 13
10 12 13
11 12 13
