2 3 4
2 4 5
2 5 6
2 6 7
2 7 8
2 8 9
2 9 10
2 10 11
2 11 12
2 12 13
2 13 14
2 14 15
2 15 16
2 16 17
2 17 18
2 18 19
2 19 20
2 20 21
2 21 22
2 22 23
2 23 24
2 24 25
2 25 26
2 26 27
3 4 5
3 4 6
3 5 6
3 5 7
3 6 7
3 6 8
3 7 8
3 7 9
3 8 9
3 8 10
3 9 10
3 9 11
3 10 11
3 10 12
3 11 12
3 11 13
3 12 13
3 12 14
3 13 14
3 13 15
3 14 15
3 14 16
3 15 16
3 15 17
3 16 17
3 16 18
3 17 18
3 17 19
3 18 19
3 18 20
3 19 20
3 19 21
3 20 21
3 20 22
3 21 22
3 21 23
3 22 23
3 22 24
3 23 24
3 23 25
3 24 25
3 24 26
3 25 26
3 25 27
3 26 27
4 5 6
4 5 7
4 5 8
4 6 7
4 6 8
4 6 9
4 7 8
4 7 9
4 7 10
4 8 9
4 8 10
4 8 11
4 9 10
4 9 11
4 9 12
4 10 11
4 10 12
4 10 13
4 11 12
4 11 13
4 11 14
4 12 13
4 12 14
4 12 15
4 13 14
4 13 15
4 13 16
4 14 15
4 14 16
4 14 17
4 15 16
4 15 17
4 15 18
4 16 17
4 16 18
4 16 19
4 17 18
4 17 19
4 17 20
4 18 19
4 18 20
4 18 21
4 19 20
4 19 21
4 19 22
4 20 21
4 20 22
4 20 23
4 21 22
4 21 23
4 21 24
4 22 23
4 22 24
4 22 25
4 23 24
4 23 25
4 23 26
4 24 25
4 24 26
4 24 27
4 25 26
4 25 27
4 26 27
5 6 7
5 6 8
5 6 9
5 6 10
5 7 8
5 7 9
5 7 10
5 7 11
5 8 9
5 8 10
5 8 11
5 8 12
5 9 10
5 9 11
5 9 12
5 9 13
5 10 11
5 10 12
5 10 13
5 10 14
5 11 12
5 11 13
5 11 14
5 11 15
5 12 13
5 12 14
5 12 15
5 12 16
5 13 14
5 13 15
5 13 16
5 13 17
5 14 15
5 14 16
5 14 17
5 14 18
5 15 16
5 15 17
5 15 18
5 15 19
5 16 17
5 16 18
5 16 19
5 16 20
5 17 18
5 17 19
5 17 20
5 17 21
5 18 19
5 18 20
5 18 21
5 18 22
5 19 20
5 19 21
5 19 22
5 19 23
5 20 21
5 20 22
5 20 23
5 20 24
5 21 22
5 21 23
5 21 24
5 21 25
5 22 23
5 22 24
5 22 25
5 22 26
5 23 24
5 23 25
5 23 26
5 23 27
5 24 25
5 24 26
5 24 27
5 25 26
5 25 27
5 26 27
6 7 8
6 7 9
6 7 10
6 7 11
6 7 12
6 8 9
6 8 10
6 8 11
6 8 12
6 8 13
6 9 10
6 9 11
6 9 12
6 9 13
6 9 14
6 10 11
6 10 12
6 10 13
6 10 14
6 10 15
6 11 12
6 11 13
6 11 14
6 11 15
6 11 16
6 12 13
6 12 14
6 12 15
6 12 16
6 12 17
6 13 14
6 13 15
6 13 16
6 13 17
6 13 18
6 14 15
6 14 16
6 14 17
6 14 18
6 14 19
6 15 16
6 15 17
6 15 18
6 15 19
6 15 20
6 16 17
6 16 18
6 16 19
6 16 20
6 16 21
6 17 18
6 17 19
6 17 20
6 17 21
6 17 22
6 18 19
6 18 20
6 18 21
6 18 22
6 18 23
6 19 20
6 19 21
6 19 22
6 19 23
6 19 24
6 20 21
6 20 22
6 20 23
6 20 24
6 20 25
6 21 22
6 21 23
6 21 24
6 21 25
6 21 26
6 22 23
6 22 24
6 22 25
6 22 26
6 22 27
6 23 24
6 23 25
6 23 26
6 23 27
6 24 25
6 24 26
6 24 27
6 25 26
6 25 27
6 26 27
7 8 9
7 8 10
7 8 11
7 8 12
7 8 13
7 8 14
7 9 10
7 9 11
7 9 12
7 9 13
7 9 14
7 9 15
7 10 11
7 10 12
7 10 13
7 10 14
7 10 15
7 10 16
7 11 12
7 11 13
7 11 14
7 11 15
7 11 16
7 11 17
7 12 13
7 12 14
7 12 15
7 12 16
7 12 17
7 12 18
7 13 14
7 13 15
7 13 16
7 13 17
7 13 18
7 13 19
7 14 15
7 14 16
7 14 17
7 14 18
7 14 19
7 14 20
7 15 16
7 15 17
7 15 18
7 15 19
7 15 20
7 15 21
7 16 17
7 16 18
7 16 19
7 16 20
7 16 21
7 16 22
7 17 18
7 17 19
7 17 20
7 17 21
7 17 22
7 17 23
7 18 19
7 18 20
7 18 21
7 18 22
7 18 23
7 18 24
7 19 20
7 19 21
7 19 22
7 19 23
7 19 24
7 19 25
7 20 21
7 20 22
7 20 23
7 20 24
7 20 25
7 20 26
7 21 22
7 21 23
7 21 24
7 21 25
7 21 26
7 21 27
7 22 23
7 22 24
7 22 25
7 22 26
7 22 27
7 23 24
7 23 25
7 23 26
7 23 27
7 24 25
7 24 26
7 24 27
7 25 26
7 25 27
7 26 27
8 9 10
8 9 11
8 9 12
8 9 13
8 9 14
8 9 15
8 9 16
8 10 11
8 10 12
8 10 13
8 10 14
8 10 15
8 10 16
8 10 17
8 11 12
8 11 13
8 11 14
8 11 15
8 11 16
8 11 17
8 11 18
8 12 13
8 12 14
8 12 15
8 12 16
8 12 17
8 12 18
8 12 19
8 13 14
8 13 15
8 13 16
8 13 17
8 13 18
8 13 19
8 13 20
8 14 15
8 14 16
8 14 17
8 14 18
8 14 19
8 14 20
8 14 21
8 15 16
8 15 17
8 15 18
8 15 19
8 15 20
8 15 21
8 15 22
8 16 17
8 16 18
8 16 19
8 16 20
8 16 21
8 16 22
8 16 23
8 17 18
8 17 19
8 17 20
8 17 21
8 17 22
8 17 23
8 17 24
8 18 19
8 18 20
8 18 21
8 18 22
8 18 23
8 18 24
8 18 25
8 19 20
8 19 21
8 19 22
8 19 23
8 19 24
8 19 25
8 19 26
8 20 21
8 20 22
8 20 23
8 20 24
8 20 25
8 20 26
8 20 27
8 21 22
8 21 23
8 21 24
8 21 25
8 21 26
8 21 27
8 22 23
8 22 24
8 22 25
8 22 26
8 22 27
8 23 24
8 23 25
8 23 26
8 23 27
8 24 25
8 24 26
8 24 27
8 25 26
8 25 27
8 26 27
9 10 11
9 10 12
9 10 13
9 10 14
9 10 15
9 10 16
9 10 17
9 10 18
9 11 12
9 11 13
9 11 14
9 11 15
9 11 16
9 11 17
9 11 18
9 11 19
9 12 13
9 12 14
9 12 15
9 12 16
9 12 17
9 12 18
9 12 19
9 12 20
9 13 14
9 13 15
9 13 16
9 13 17
9 13 18
9 13 19
9 13 20
9 13 21
9 14 15
9 14 16
9 14 17
9 14 18
9 14 19
9 14 20
9 14 21
9 14 22
9 15 16
9 15 17
9 15 18
9 15 19
9 15 20
9 15 21
9 15 22
9 15 23
9 16 17
9 16 18
9 16 19
9 16 20
9 16 21
9 16 22
9 16 23
9 16 24
9 17 18
9 17 19
9 17 20
9 17 21
9 17 22
9 17 23
9 17 24
9 17 25
9 18 19
9 18 20
9 18 21
9 18 22
9 18 23
9 18 24
9 18 25
9 18 26
9 19 20
9 19 21
9 19 22
9 19 23
9 19 24
9 19 25
9 19 26
9 19 27
9 20 21
9 20 22
9 20 23
9 20 24
9 20 25
9 20 26
9 20 27
9 21 22
9 21 23
9 21 24
9 21 25
9 21 26
9 21 27
9 22 23
9 22 24
9 22 25
9 22 26
9 22 27
9 23 24
9 23 25
9 23 26
9 23 27
9 24 25
9 24 26
9 24 27
9 25 26
9 25 27
9 26 27
10 11 12
10 11 13
10 11 14
10 11 15
10 11 16
10 11 17
10 11 18
10 11 19
10 11 20
10 12 13
10 12 14
10 12 15
10 12 16
10 12 17
10 12 18
10 12 19
10 12 20
10 12 21
10 13 14
10 13 15
10 13 16
10 13 17
10 13 18
10 13 19
10 13 20
10 13 21
10 13 22
10 14 15
10 14 16
10 14 17
10 14 18
10 14 19
10 14 20
10 14 21
10 14 22
10 14 23
10 15 16
10 15 17
10 15 18
10 15 19
10 15 20
10 15 21
10 15 22
10 15 23
10 15 24
10 16 17
10 16 18
10 16 19
10 16 20
10 16 21
10 16 22
10 16 23
10 16 24
10 16 25
10 17 18
10 17 19
10 17 20
10 17 21
10 17 22
10 17 23
10 17 24
10 17 25
10 17 26
10 18 19
10 18 20
10 18 21
10 18 22
10 18 23
10 18 24
10 18 25
10 18 26
10 18 27
10 19 20
10 19 21
10 19 22
10 19 23
10 19 24
10 19 25
10 19 26
10 19 27
10 20 21
10 20 22
10 20 23
10 20 24
10 20 25
10 20 26
10 20 27
10 21 22
10 21 23
10 21 24
10 21 25
10 21 26
10 21 27
10 22 23
10 22 24
10 22 25
10 22 26
10 22 27
10 23 24
10 23 25
10 23 26
10 23 27
10 24 25
10 24 26
10 24 27
10 25 26
10 25 27
10 26 27
11 12 13
11 12 14
11 12 15
11 12 16
11 12 17
11 12 18
11 12 19
11 12 20
11 12 21
11 12 22
11 13 14
11 13 15
11 13 16
11 13 17
11 13 18
11 13 19
11 13 20
11 13 21
11 13 22
11 13 23
11 14 15
11 14 16
11 14 17
11 14 18
11 14 19
11 14 20
11 14 21
11 14 22
11 14 23
11 14 24
11 15 16
11 15 17
11 15 18
11 15 19
11 15 20
11 15 21
11 15 22
11 15 23
11 15 24
11 15 25
11 16 17
11 16 18
11 16 19
11 16 20
11 16 21
11 16 22
11 16 23
11 16 24
11 16 25
11 16 26
11 17 18
11 17 19
11 17 20
11 17 21
11 17 22
11 17 23
11 17 24
11 17 25
11 17 26
11 17 27
11 18 19
11 18 20
11 18 21
11 18 22
11 18 23
11 18 24
11 18 25
11 18 26
11 18 27
11 19 20
11 19 21
11 19 22
11 19 23
11 19 24
11 19 25
11 19 26
11 19 27
11 20 21
11 20 22
11 20 23
11 20 24
11 20 25
11 20 26
11 20 27
11 21 22
11 21 23
11 21 24
11 21 25
11 21 26
11 21 27
11 22 23
11 22 24
11 22 25
11 22 26
11 22 27
11 23 24
11 23 25
11 23 26
11 23 27
11 24 25
11 24 26
11 24 27
11 25 26
11 25 27
11 26 27
12 13 14
12 13 15
12 13 16
12 13 17
12 13 18
12 13 19
12 13 20
12 13 21
12 13 22
12 13 23
12 13 24
12 14 15
12 14 16
12 14 17
12 14 18
12 14 19
12 14 20
12 14 21
12 14 22
12 14 23
12 14 24
12 14 25
12 15 16
12 15 17
12 15 18
12 15 19
12 15 20
12 15 21
12 15 22
12 15 23
12 15 24
12 15 25
12 15 26
12 16 17
12 16 18
12 16 19
12 16 20
12 16 21
12 16 22
12 16 23
12 16 24
12 16 25
12 16 26
12 16 27
12 17 18
12 17 19
12 17 20
12 17 21
12 17 22
12 17 23
12 17 24
12 17 25
12 17 26
12 17 27
12 18 19
12 18 20
12 18 21
12 18 22
12 18 23
12 18 24
12 18 25
12 18 26
12 18 27
12 19 20
12 19 21
12 19 22
12 19 23
12 19 24
12 19 25
12 19 26
12 19 27
12 20 21
12 20 22
12 20 23
12 20 24
12 20 25
12 20 26
12 20 27
12 21 22
12 21 23
12 21 24
12 21 25
12 21 26
12 21 27
12 22 23
12 22 24
12 22 25
12 22 26
12 22 27
12 23 24
12 23 25
12 23 26
12 23 27
12 24 25
12 24 26
12 24 27
12 25 26
12 25 27
12 26 27
13 14 15
13 14 16
13 14 17
13 14 18
13 14 19
13 14 20
13 14 21
13 14 22
13 14 23
13 14 24
13 14 25
13 14 26
13 15 16
13 15 17
13 15 18
13 15 19
13 15 20
13 15 21
13 15 22
13 15 23
13 15 24
13 15 25
13 15 26
13 15 27
13 16 17
13 16 18
13 16 19
13 16 20
13 16 21
13 16 22
13 16 23
13 16 24
13 16 25
13 16 26
13 16 27
13 17 18
13 17 19
13 17 20
13 17 21
13 17 22
13 17 23
13 17 24
13 17 25
13 17 26
13 17 27
13 18 19
13 18 20
13 18 21
13 18 22
13 18 23
13 18 24
13 18 25
13 18 26
13 18 27
13 19 20
13 19 21
13 19 22
13 19 23
13 19 24
13 19 25
13 19 26
13 19 27
13 20 21
13 20 22
13 20 23
13 20 24
13 20 25
13 20 26
13 20 27
13 21 22
13 21 23
13 21 24
13 21 25
13 21 26
13 21 27
13 22 23
13 22 24
13 22 25
13 22 26
13 22 27
13 23 24
13 23 25
13 23 26
13 23 27
13 24 25
13 24 26
13 24 27
13 25 26
13 25 27
13 26 27
14 15 16
14 15 17
14 15 18
14 15 19
14 15 20
14 15 21
14 15 22
14 15 23
14 15 24
14 15 25
14 15 26
14 15 27
14 16 17
14 16 18
14 16 19
14 16 20
14 16 21
14 16 22
14 16 23
14 16 24
14 16 25
14 16 26
14 16 27
14 17 18
14 17 19
14 17 20
14 17 21
14 17 22
14 17 23
14 17 24
14 17 25
14 17 26
14 17 27
14 18 19
14 18 20
14 18 21
14 18 22
14 18 23
14 18 24
14 18 25
14 18 26
14 18 27
14 19 20
14 19 21
14 19 22
14 19 23
14 19 24
14 19 25
14 19 26
14 19 27
14 20 21
14 20 22
14 20 23
14 20 24
14 20 25
14 20 26
14 20 27
14 21 22
14 21 23
14 21 24
14 21 25
14 21 26
14 21 27
14 22 23
14 22 24
14 22 25
14 22 26
14 22 27
14 23 24
14 23 25
14 23 26
14 23 27
14 24 25
14 24 26
14 24 27
14 25 26
14 25 27
14 26 27
15 16 17
15 16 18
15 16 19
15 16 20
15 16 21
15 16 22
15 16 23
15 16 24
15 16 25
15 16 26
15 16 27
15 17 18
15 17 19
15 17 20
15 17 21
15 17 22
15 17 23
15 17 24
15 17 25
15 17 26
15 17 27
15 18 19
15 18 20
15 18 21
15 18 22
15 18 23
15 18 24
15 18 25
15 18 26
15 18 27
15 19 20
15 19 21
15 19 22
15 19 23
15 19 24
15 19 25
15 19 26
15 19 27
15 20 21
15 20 22
15 20 23
15 20 24
15 20 25
15 20 26
15 20 27
15 21 22
15 21 23
15 21 24
15 21 25
15 21 26
15 21 27
15 22 23
15 22 24
15 22 25
15 22 26
15 22 27
15 23 24
15 23 25
15 23 26
15 23 27
15 24 25
15 24 26
15 24 27
15 25 26
15 25 27
15 26 27
16 17 18
16 17 19
16 17 20
16 17 21
16 17 22
16 17 23
16 17 24
16 17 25
16 17 26
16 17 27
16 18 19
16 18 20
16 18 21
16 18 22
16 18 23
16 18 24
16 18 25
16 18 26
16 18 27
16 19 20
16 19 21
16 19 22
16 19 23
16 19 24
16 19 25
16 19 26
16 19 27
16 20 21
16 20 22
16 20 23
16 20 24
16 20 25
16 20 26
16 20 27
16 21 22
16 21 23
16 21 24
16 21 25
16 21 26
16 21 27
16 22 23
16 22 24
16 22 25
16 22 26
16 22 27
16 23 24
16 23 25
16 23 26
16 23 27
16 24 25
16 24 26
16 24 27
16 25 26
16 25 27
16 26 27
17 18 19
17 18 20
17 18 21
17 18 22
17 18 23
17 18 24
17 18 25
17 18 26
17 18 27
17 19 20
17 19 21
17 19 22
17 19 23
17 19 24
17 19 25
17 19 26
17 19 27
17 20 21
17 20 22
17 20 23
17 20 24
17 20 25
17 20 26
17 20 27
17 21 22
17 21 23
17 21 24
17 21 25
17 21 26
17 21 27
17 22 23
17 22 24
17 22 25
17 22 26
17 22 27
17 23 24
17 23 25
17 23 26
17 23 27
17 24 25
17 24 26
17 24 27
17 25 26
17 25 27
17 26 27
18 19 20
18 19 21
18 19 22
18 19 23
18 19 24
18 19 25
18 19 26
18 19 27
18 20 21
18 20 22
18 20 23
18 20 24
18 20 25
18 20 26
18 20 27
18 21 22
18 21 23
18 21 24
18 21 25
18 21 26
18 21 27
18 22 23
18 22 24
18 22 25
18 22 26
18 22 27
18 23 24
18 23 25
18 23 26
18 23 27
18 24 25
18 24 26
18 24 27
18 25 26
18 25 27
18 26 27
19 20 21
19 20 22
19 20 23
19 20 24
19 20 25
19 20 26
19 20 27
19 21 22
19 21 23
19 21 24
19 21 25
19 21 26
19 21 27
19 22 23
19 22 24
19 22 25
19 22 26
19 22 27
19 23 24
19 23 25
19 23 26
19 23 27
19 24 25
19 24 26
19 24 27
19 25 26
19 25 27
19 26 27
20 21 22
20 21 23
20 21 24
20 21 25
20 21 26
20 21 27
20 22 23
20 22 24
20 22 25
20 22 26
20 22 27
20 23 24
20 23 25
20 23 26
20 23 27
20 24 25
20 24 26
20 24 27
20 25 26
20 25 27
20 26 27
21 22 23
21 22 24
21 22 25
21 22 26
21 22 27
21 23 24
21 23 25
21 23 26
21 23 27
21 24 25
21 24 26
21 24 27
21 25 26
21 25 27
21 26 27
22 23 24
22 23 25
22 23 26
22 23 27
22 24 25
22 24 26
22 24 27
22 25 26
22 25 27
22 26 27
23 24 25
23 24 26
23 24 27
23 25 26
23 25 27
23 26 27
24 25 26
24 25 27
24 26 27
25 26 27
